SF:lib/models/account_info.dart
DA:9,1
DA:24,0
DA:25,0
DA:27,0
DA:42,0
LF:5
LH:1
end_of_record
SF:lib/models/account_info.g.dart
DA:9,0
DA:10,0
DA:11,0
DA:12,0
DA:13,0
DA:14,0
DA:15,0
DA:16,0
DA:17,0
DA:18,0
DA:19,0
DA:20,0
DA:23,0
DA:24,0
DA:25,0
DA:26,0
DA:27,0
DA:28,0
DA:29,0
DA:30,0
DA:31,0
DA:32,0
DA:33,0
DA:34,0
LF:24
LH:0
end_of_record
SF:lib/models/candle.dart
DA:9,1
DA:22,5
DA:23,5
DA:24,0
DA:25,0
DA:27,0
DA:37,0
DA:38,0
DA:39,0
DA:40,0
DA:41,0
DA:42,0
DA:43,0
DA:44,0
DA:45,0
DA:49,0
LF:16
LH:3
end_of_record
SF:lib/models/candle.g.dart
DA:9,0
DA:10,0
DA:11,0
DA:12,0
DA:13,0
DA:14,0
DA:15,0
DA:16,0
DA:17,0
DA:20,0
DA:21,0
DA:22,0
DA:23,0
DA:24,0
DA:25,0
DA:26,0
DA:27,0
DA:28,0
DA:29,0
LF:19
LH:0
end_of_record
SF:lib/models/execution_result.dart
DA:9,0
DA:23,0
LF:2
LH:0
end_of_record
SF:lib/models/execution_result.g.dart
DA:9,0
DA:11,0
DA:12,0
DA:13,0
DA:14,0
DA:15,0
DA:16,0
DA:17,0
DA:18,0
DA:19,0
DA:20,0
DA:23,0
DA:25,0
DA:26,0
DA:27,0
DA:28,0
DA:29,0
DA:30,0
DA:31,0
DA:32,0
DA:33,0
DA:34,0
LF:22
LH:0
end_of_record
SF:lib/models/tick.dart
DA:9,1
DA:19,0
DA:25,0
DA:29,0
DA:34,0
LF:5
LH:1
end_of_record
SF:lib/models/tick.g.dart
DA:9,0
DA:10,0
DA:11,0
DA:12,0
DA:13,0
DA:14,0
DA:17,0
DA:18,0
DA:19,0
DA:20,0
DA:21,0
DA:22,0
DA:23,0
LF:13
LH:0
end_of_record
SF:lib/models/trade.dart
DA:12,0
DA:35,0
DA:37,0
DA:42,0
DA:43,0
DA:44,0
DA:45,0
DA:46,0
DA:48,0
DA:49,0
DA:51,0
DA:56,0
DA:58,0
DA:59,0
DA:60,0
DA:64,0
LF:16
LH:0
end_of_record
SF:lib/models/trade.g.dart
DA:9,0
DA:10,0
DA:11,0
DA:12,0
DA:13,0
DA:14,0
DA:15,0
DA:16,0
DA:17,0
DA:18,0
DA:19,0
DA:21,0
DA:22,0
DA:23,0
DA:24,0
DA:25,0
DA:26,0
DA:27,0
DA:28,0
DA:29,0
DA:32,0
DA:33,0
DA:34,0
DA:35,0
DA:36,0
DA:37,0
DA:38,0
DA:39,0
DA:40,0
DA:41,0
DA:42,0
DA:43,0
DA:44,0
DA:45,0
DA:46,0
DA:47,0
DA:48,0
DA:49,0
DA:50,0
DA:51,0
LF:40
LH:0
end_of_record
SF:lib/providers/broker_provider.dart
DA:9,0
DA:10,0
DA:13,0
DA:14,0
DA:17,3
DA:18,0
DA:19,0
DA:20,0
DA:25,4
DA:26,2
DA:27,1
LF:11
LH:4
end_of_record
SF:lib/providers/ticker_provider.dart
DA:7,4
DA:8,2
DA:9,1
LF:3
LH:3
end_of_record
SF:lib/core/analysis/session_detector.dart
DA:5,2
DA:6,2
DA:7,2
DA:9,4
DA:13,4
DA:17,4
DA:24,1
DA:25,2
DA:26,1
DA:29,1
DA:31,1
DA:32,1
DA:33,1
DA:34,1
DA:35,1
LF:15
LH:15
end_of_record
SF:lib/models/market_regime.dart
DA:18,0
DA:20,0
DA:22,0
DA:24,0
DA:26,0
DA:28,0
DA:35,0
DA:37,0
DA:39,0
DA:41,0
DA:43,0
LF:11
LH:0
end_of_record
SF:lib/core/risk/position_sizer.dart
DA:6,1
DA:14,2
DA:15,2
DA:16,2
DA:17,1
DA:21,1
DA:22,2
DA:23,1
DA:24,2
DA:27,1
DA:28,1
DA:29,1
DA:32,1
DA:35,1
DA:38,2
LF:15
LH:15
end_of_record
SF:lib/core/ai/onnx_engine.dart
DA:14,0
DA:16,0
DA:17,0
DA:18,0
DA:20,0
DA:21,0
DA:22,0
DA:25,0
DA:26,0
DA:31,0
DA:32,0
DA:36,0
DA:37,0
DA:38,0
DA:42,0
DA:44,0
DA:45,0
DA:46,0
DA:50,0
DA:52,0
DA:55,0
DA:56,0
DA:58,0
DA:60,0
DA:61,0
DA:65,0
DA:67,0
DA:68,0
DA:71,0
DA:72,0
DA:76,0
DA:77,0
DA:78,0
LF:33
LH:0
end_of_record
SF:lib/core/broker/deriv_api_constants.dart
DA:26,1
DA:27,3
DA:29,2
DA:34,1
DA:35,3
DA:37,2
LF:6
LH:6
end_of_record
SF:lib/core/broker/deriv_broker.dart
DA:34,1
DA:35,1
DA:37,1
DA:38,2
DA:40,0
DA:42,0
DA:43,0
DA:44,0
DA:47,0
DA:49,0
DA:50,0
DA:51,0
DA:52,0
DA:53,0
DA:54,0
DA:55,0
DA:58,0
DA:59,0
DA:60,0
DA:61,0
DA:64,0
DA:65,0
DA:66,0
DA:67,0
DA:68,0
DA:69,0
DA:70,0
DA:71,0
DA:73,0
DA:77,0
DA:81,0
DA:82,0
DA:85,0
DA:86,0
DA:87,0
DA:88,0
DA:89,0
DA:90,0
DA:93,0
DA:94,0
DA:95,0
DA:96,0
DA:97,0
DA:100,0
DA:103,0
DA:104,0
DA:105,0
DA:106,0
DA:107,0
DA:109,0
DA:110,0
DA:111,0
DA:113,0
DA:114,0
DA:115,0
DA:116,0
DA:121,0
DA:124,0
DA:125,0
DA:128,0
DA:129,0
DA:130,0
DA:131,0
DA:132,0
DA:133,0
DA:137,0
DA:138,0
DA:139,0
DA:140,0
DA:144,0
DA:146,0
DA:151,0
DA:152,0
DA:153,0
DA:155,0
DA:156,0
DA:158,0
DA:159,0
DA:160,0
DA:164,0
DA:166,0
DA:167,0
DA:168,0
DA:169,0
DA:172,0
DA:174,0
DA:176,0
DA:177,0
DA:179,0
DA:180,0
DA:182,0
DA:183,0
DA:184,0
DA:185,0
DA:186,0
DA:188,0
DA:189,0
DA:195,0
DA:199,0
DA:200,0
DA:203,0
DA:204,0
DA:205,0
DA:209,0
DA:213,0
DA:216,0
DA:219,0
DA:220,0
DA:223,0
DA:224,0
DA:227,0
DA:228,0
DA:229,0
DA:230,0
DA:232,0
DA:233,0
DA:234,0
DA:235,0
DA:237,0
DA:240,0
DA:241,0
DA:242,0
DA:243,0
DA:244,0
DA:245,0
DA:248,0
DA:251,0
DA:252,0
DA:253,0
DA:256,0
DA:258,0
DA:262,0
DA:263,0
DA:264,0
DA:265,0
DA:271,0
DA:273,0
DA:277,1
DA:279,1
DA:280,4
DA:281,0
DA:283,1
DA:286,0
DA:292,0
DA:293,0
DA:294,0
DA:300,0
DA:301,0
DA:303,0
DA:306,0
DA:307,0
DA:308,0
DA:309,0
DA:310,0
DA:311,0
DA:313,0
DA:316,1
DA:318,3
DA:319,4
DA:320,0
DA:322,1
DA:325,0
DA:327,0
DA:328,0
DA:330,0
DA:332,0
DA:333,0
DA:334,0
DA:335,0
DA:336,0
DA:337,0
DA:339,0
DA:347,0
DA:355,0
DA:359,0
DA:361,0
DA:363,0
DA:369,0
DA:370,0
DA:372,0
DA:375,0
DA:380,0
DA:381,0
DA:382,0
DA:385,0
DA:389,0
DA:394,0
DA:396,0
DA:400,0
DA:403,0
DA:409,0
DA:412,0
DA:417,0
DA:420,0
DA:422,0
DA:423,0
DA:425,0
DA:427,0
DA:428,0
DA:429,0
DA:430,0
DA:431,0
DA:432,0
DA:433,0
DA:438,0
DA:439,0
DA:441,0
DA:444,0
DA:450,0
DA:453,0
DA:454,0
DA:455,0
DA:456,0
LF:213
LH:12
end_of_record
SF:lib/core/notifications/notification_service.dart
DA:6,0
DA:11,0
DA:19,0
DA:21,0
DA:25,0
DA:26,0
DA:29,0
DA:30,0
DA:32,0
DA:33,0
DA:38,0
DA:39,0
DA:40,0
DA:42,0
DA:43,0
DA:48,0
DA:49,0
DA:58,0
DA:59,0
DA:62,0
DA:67,0
DA:68,0
DA:71,0
DA:78,0
DA:79,0
DA:89,0
DA:92,0
DA:93,0
LF:28
LH:0
end_of_record
SF:lib/models/proposal.dart
DA:11,0
DA:31,0
DA:32,0
DA:33,0
DA:34,0
DA:36,0
DA:37,0
DA:39,0
DA:40,0
DA:42,0
DA:45,0
LF:11
LH:0
end_of_record
SF:lib/models/proposal.g.dart
DA:9,0
DA:10,0
DA:11,0
DA:12,0
DA:13,0
DA:14,0
DA:15,0
DA:16,0
DA:17,0
DA:18,0
DA:19,0
DA:20,0
DA:21,0
DA:22,0
DA:23,0
DA:24,0
DA:25,0
DA:28,0
DA:29,0
DA:30,0
DA:31,0
DA:32,0
DA:33,0
DA:34,0
DA:35,0
DA:36,0
DA:37,0
DA:38,0
DA:39,0
DA:40,0
DA:41,0
DA:42,0
DA:43,0
DA:44,0
LF:34
LH:0
end_of_record
SF:lib/core/analysis/fair_value_gap.dart
DA:6,1
DA:7,2
DA:9,4
DA:10,2
DA:11,1
DA:13,3
DA:14,0
DA:15,0
DA:16,0
DA:17,0
DA:25,3
DA:26,1
DA:27,1
DA:28,3
DA:29,1
DA:41,1
DA:42,1
LF:17
LH:13
end_of_record
SF:lib/core/analysis/ict_engine.dart
DA:16,1
DA:26,1
DA:27,1
DA:28,1
DA:29,1
DA:30,1
DA:31,1
DA:32,1
DA:33,1
DA:34,1
DA:46,1
DA:51,2
DA:52,2
DA:54,2
DA:55,2
DA:56,2
DA:58,2
DA:59,2
DA:60,2
DA:61,2
DA:62,2
DA:63,2
DA:64,2
DA:66,3
DA:67,1
DA:69,1
DA:74,1
DA:75,1
DA:76,1
DA:77,1
DA:78,1
DA:80,1
DA:82,1
DA:83,1
DA:84,1
DA:85,1
DA:86,1
DA:87,1
DA:88,1
DA:89,0
DA:90,1
DA:94,1
DA:95,1
DA:96,1
DA:97,1
DA:98,4
DA:101,1
DA:102,4
DA:103,2
DA:106,1
DA:112,1
DA:113,1
DA:115,0
DA:117,0
LF:54
LH:51
end_of_record
SF:lib/core/analysis/market_structure.dart
DA:6,1
DA:26,1
DA:27,2
DA:39,1
DA:40,1
DA:41,4
DA:42,1
DA:43,15
DA:44,0
DA:46,5
DA:47,0
DA:51,1
DA:52,1
DA:53,7
DA:54,3
DA:57,2
DA:58,0
DA:60,0
DA:65,1
DA:66,1
DA:68,1
DA:69,1
DA:71,1
LF:23
LH:19
end_of_record
SF:lib/core/analysis/order_block.dart
DA:7,1
DA:8,2
DA:10,1
DA:11,4
DA:12,1
DA:13,4
DA:14,2
DA:15,2
DA:19,0
DA:20,0
DA:26,0
DA:27,0
DA:28,0
DA:29,0
DA:30,0
DA:32,0
DA:33,0
DA:34,0
DA:35,0
DA:39,0
DA:40,0
DA:41,0
DA:43,0
DA:44,0
DA:45,0
DA:46,0
DA:56,0
DA:57,0
DA:60,0
DA:61,0
LF:30
LH:8
end_of_record
SF:lib/core/analysis/regime_detector.dart
DA:8,1
DA:9,2
DA:13,1
DA:14,3
DA:15,1
DA:16,1
DA:18,3
DA:21,3
DA:25,1
DA:26,3
DA:27,5
DA:29,7
DA:32,3
DA:36,1
LF:14
LH:14
end_of_record
SF:lib/models/ict_features.dart
DA:11,0
DA:22,0
DA:27,1
DA:36,0
DA:41,1
DA:49,0
DA:54,1
DA:80,0
LF:8
LH:3
end_of_record
SF:lib/models/ict_features.g.dart
DA:9,0
DA:10,0
DA:11,0
DA:12,0
DA:13,0
DA:14,0
DA:15,0
DA:16,0
DA:19,0
DA:21,0
DA:22,0
DA:23,0
DA:24,0
DA:25,0
DA:26,0
DA:27,0
DA:30,0
DA:32,0
DA:33,0
DA:34,0
DA:35,0
DA:36,0
DA:39,0
DA:41,0
DA:42,0
DA:43,0
DA:44,0
DA:45,0
DA:48,0
DA:49,0
DA:50,0
DA:51,0
DA:52,0
DA:53,0
DA:57,0
DA:58,0
DA:59,0
DA:60,0
DA:61,0
DA:64,0
DA:65,0
DA:66,0
DA:67,0
DA:68,0
DA:70,0
DA:71,0
DA:73,0
DA:74,0
DA:75,0
DA:76,0
DA:77,0
DA:78,0
DA:79,0
DA:80,0
DA:81,0
DA:82,0
DA:83,0
DA:84,0
DA:85,0
DA:86,0
DA:87,0
DA:88,0
DA:89,0
DA:90,0
DA:93,0
DA:94,0
DA:95,0
DA:96,0
DA:97,0
DA:98,0
DA:99,0
DA:100,0
DA:101,0
DA:102,0
DA:103,0
DA:104,0
DA:105,0
DA:106,0
DA:107,0
DA:108,0
DA:109,0
DA:110,0
DA:111,0
DA:112,0
DA:113,0
DA:114,0
DA:115,0
LF:87
LH:0
end_of_record
SF:lib/core/analysis/fibonacci.dart
DA:6,1
DA:7,1
DA:11,5
DA:12,2
DA:13,2
DA:15,2
DA:16,3
DA:17,2
DA:20,1
DA:21,1
DA:22,2
DA:23,2
DA:24,2
DA:25,2
DA:26,2
DA:27,2
DA:31,1
LF:17
LH:17
end_of_record
SF:lib/core/utils/math_utils.dart
DA:4,1
DA:5,1
DA:6,3
DA:7,2
DA:10,0
DA:11,0
DA:12,0
DA:13,0
DA:14,0
DA:15,0
DA:16,0
DA:19,1
DA:20,1
DA:21,1
DA:25,0
DA:26,0
DA:27,0
DA:28,0
DA:29,0
DA:30,0
DA:34,0
DA:35,0
DA:36,0
LF:23
LH:7
end_of_record
SF:lib/core/analysis/liquidity_sweep.dart
DA:5,1
DA:19,1
DA:20,2
DA:35,3
DA:36,2
DA:37,2
DA:38,1
DA:40,5
DA:41,5
DA:44,1
DA:45,6
DA:48,1
DA:53,1
DA:54,3
DA:57,0
DA:62,1
LF:16
LH:15
end_of_record
SF:lib/core/analysis/ote_calculator.dart
DA:5,1
DA:21,1
DA:22,2
DA:23,2
DA:24,1
DA:25,1
DA:28,0
DA:29,0
DA:31,1
DA:35,1
DA:36,1
LF:11
LH:9
end_of_record
SF:lib/core/analysis/po3_detector.dart
DA:6,1
DA:22,1
DA:23,1
DA:33,2
DA:34,3
DA:35,2
DA:36,1
DA:38,1
DA:48,6
DA:49,6
DA:50,1
DA:52,2
DA:53,2
DA:55,3
DA:56,1
DA:58,4
DA:59,2
DA:61,5
DA:71,1
DA:73,1
DA:82,3
LF:21
LH:21
end_of_record
SF:lib/core/utils/candle_utils.dart
DA:5,1
DA:6,1
DA:7,2
DA:8,2
DA:10,3
DA:11,1
DA:12,1
DA:13,4
DA:16,3
DA:17,3
DA:18,3
DA:19,3
DA:20,5
DA:23,3
DA:24,2
DA:25,1
DA:26,4
DA:28,4
DA:35,0
DA:36,0
DA:37,0
DA:41,0
DA:42,0
DA:43,0
DA:44,0
DA:46,0
DA:50,0
DA:51,0
DA:52,0
DA:53,0
DA:54,0
DA:57,0
DA:58,0
DA:62,0
DA:63,0
DA:64,0
DA:65,0
DA:66,0
DA:69,0
DA:70,0
DA:71,0
LF:41
LH:18
end_of_record
